<?xml version="1.0" encoding="UTF-8"?>
<!-- Generated by org.testng.reporters.JUnitReportReporter -->
<testsuite skipped="0" hostname="ariatech8-PC" name="questions.arbudget" tests="1" failures="0" timestamp="11 May 2018 10:47:52 GMT" time="14.658" errors="0">
  <testcase name="arbudget" time="14.658" classname="questions.arbudget"/>
</testsuite> <!-- questions.arbudget -->
