<?xml version="1.0" encoding="UTF-8"?>
<!-- Generated by org.testng.reporters.JUnitReportReporter -->
<testsuite skipped="0" hostname="ariatech8-PC" name="questions.pavan" tests="1" failures="0" timestamp="14 May 2018 09:28:55 GMT" time="21.069" errors="0">
  <testcase name="arbudget" time="21.069" classname="questions.pavan"/>
</testsuite> <!-- questions.pavan -->
