<?xml version="1.0" encoding="UTF-8"?>
<!-- Generated by org.testng.reporters.JUnitReportReporter -->
<testsuite skipped="0" hostname="ariatech8-PC" name="questions.screenshot" tests="1" failures="0" timestamp="14 May 2018 09:39:58 GMT" time="25.413" errors="0">
  <testcase name="arbudget" time="25.413" classname="questions.screenshot"/>
</testsuite> <!-- questions.screenshot -->
