<?xml version="1.0" encoding="UTF-8"?>
<!-- Generated by org.testng.reporters.JUnitReportReporter -->
<testsuite skipped="0" hostname="ariatech8-PC" name="questions.webtables" tests="1" failures="0" timestamp="11 May 2018 11:40:33 GMT" time="39.226" errors="0">
  <testcase name="table" time="39.226" classname="questions.webtables"/>
</testsuite> <!-- questions.webtables -->
